[Error]09:24:59 teach_info.go:167: &{专业课 早期接触临床 [{张飚 主任医师}] 口腔医学院 [--] [--] 医学部 --}--
[Debug]09:24:59 app.go:46: 实例启动！
[Info]09:24:59 app.go:47: 

#    ____                          _  __         _   _          _                       
#   / ___|   ___   _ __     __ _  | |/ /   ___  | | | |   ___  | |  _ __     ___   _ __ 
#  | |      / _ \ | '_ \   / _` | | ' /   / _ \ | |_| |  / _ \ | | | '_ \   / _ \ | '__|
#  | |___  |  __/ | | | | | (_| | | . \  |  __/ |  _  | |  __/ | | | |_) | |  __/ | |   
#   \____|  \___| |_| |_|  \__, | |_|\_\  \___| |_| |_|  \___| |_| | .__/   \___| |_|   
#                          |___/                                   |_|                  
[Error]09:25:14 teach_info.go:167: &{专业课 早期接触临床 [{张飚 主任医师}] 口腔医学院 [--] [--] 医学部 --}--
[Debug]09:25:14 app.go:46: 实例启动！
[Info]09:25:14 app.go:47: 

#    ____                          _  __         _   _          _                       
#   / ___|   ___   _ __     __ _  | |/ /   ___  | | | |   ___  | |  _ __     ___   _ __ 
#  | |      / _ \ | '_ \   / _` | | ' /   / _ \ | |_| |  / _ \ | | | '_ \   / _ \ | '__|
#  | |___  |  __/ | | | | | (_| | | . \  |  __/ |  _  | |  __/ | | | |_) | |  __/ | |   
#   \____|  \___| |_| |_|  \__, | |_|\_\  \___| |_| |_|  \___| |_| | .__/   \___| |_|   
#                          |___/                                   |_|                  
[Error]09:25:14 main.go:11: listen tcp :8000: bind: Only one usage of each socket address (protocol/network address/port) is normally permitted.
[Error]10:07:39 teach_info.go:167: &{专业课 早期接触临床 [{张飚 主任医师}] 口腔医学院 [--] [--] 医学部 --}--
[Debug]10:07:39 app.go:46: 实例启动！
[Info]10:07:39 app.go:47: 

#    ____                          _  __         _   _          _                       
#   / ___|   ___   _ __     __ _  | |/ /   ___  | | | |   ___  | |  _ __     ___   _ __ 
#  | |      / _ \ | '_ \   / _` | | ' /   / _ \ | |_| |  / _ \ | | | '_ \   / _ \ | '__|
#  | |___  |  __/ | | | | | (_| | | . \  |  __/ |  _  | |  __/ | | | |_) | |  __/ | |   
#   \____|  \___| |_| |_|  \__, | |_|\_\  \___| |_| |_|  \___| |_| | .__/   \___| |_|   
#                          |___/                                   |_|                  
[Error]11:19:29 teach_info.go:167: &{专业课 早期接触临床 [{张飚 主任医师}] 口腔医学院 [--] [--] 医学部 --}--
[Debug]11:19:30 app.go:46: 实例启动！
[Info]11:19:30 app.go:47: 

#    ____                          _  __         _   _          _                       
#   / ___|   ___   _ __     __ _  | |/ /   ___  | | | |   ___  | |  _ __     ___   _ __ 
#  | |      / _ \ | '_ \   / _` | | ' /   / _ \ | |_| |  / _ \ | | | '_ \   / _ \ | '__|
#  | |___  |  __/ | | | | | (_| | | . \  |  __/ |  _  | |  __/ | | | |_) | |  __/ | |   
#   \____|  \___| |_| |_|  \__, | |_|\_\  \___| |_| |_|  \___| |_| | .__/   \___| |_|   
#                          |___/                                   |_|                  
[Error]11:20:26 teach_info.go:167: &{专业课 早期接触临床 [{张飚 主任医师}] 口腔医学院 [--] [--] 医学部 --}--
[Debug]11:20:26 app.go:46: 实例启动！
[Info]11:20:26 app.go:47: 

#    ____                          _  __         _   _          _                       
#   / ___|   ___   _ __     __ _  | |/ /   ___  | | | |   ___  | |  _ __     ___   _ __ 
#  | |      / _ \ | '_ \   / _` | | ' /   / _ \ | |_| |  / _ \ | | | '_ \   / _ \ | '__|
#  | |___  |  __/ | | | | | (_| | | . \  |  __/ |  _  | |  __/ | | | |_) | |  __/ | |   
#   \____|  \___| |_| |_|  \__, | |_|\_\  \___| |_| |_|  \___| |_| | .__/   \___| |_|   
#                          |___/                                   |_|                  
[Error]12:00:21 teach_info.go:167: &{专业课 早期接触临床 [{张飚 主任医师}] 口腔医学院 [--] [--] 医学部 --}--
[Debug]12:00:21 app.go:46: 实例启动！
[Info]12:00:21 app.go:47: 

#    ____                          _  __         _   _          _                       
#   / ___|   ___   _ __     __ _  | |/ /   ___  | | | |   ___  | |  _ __     ___   _ __ 
#  | |      / _ \ | '_ \   / _` | | ' /   / _ \ | |_| |  / _ \ | | | '_ \   / _ \ | '__|
#  | |___  |  __/ | | | | | (_| | | . \  |  __/ |  _  | |  __/ | | | |_) | |  __/ | |   
#   \____|  \___| |_| |_|  \__, | |_|\_\  \___| |_| |_|  \___| |_| | .__/   \___| |_|   
#                          |___/                                   |_|                  
[Error]13:22:10 teach_info.go:167: &{专业课 早期接触临床 [{张飚 主任医师}] 口腔医学院 [--] [--] 医学部 --}--
[Debug]13:22:10 app.go:46: 实例启动！
[Info]13:22:10 app.go:47: 

#    ____                          _  __         _   _          _                       
#   / ___|   ___   _ __     __ _  | |/ /   ___  | | | |   ___  | |  _ __     ___   _ __ 
#  | |      / _ \ | '_ \   / _` | | ' /   / _ \ | |_| |  / _ \ | | | '_ \   / _ \ | '__|
#  | |___  |  __/ | | | | | (_| | | . \  |  __/ |  _  | |  __/ | | | |_) | |  __/ | |   
#   \____|  \___| |_| |_|  \__, | |_|\_\  \___| |_| |_|  \___| |_| | .__/   \___| |_|   
#                          |___/                                   |_|                  
[Error]13:29:52 teach_info.go:167: &{专业课 早期接触临床 [{张飚 主任医师}] 口腔医学院 [--] [--] 医学部 --}--
[Debug]13:29:52 app.go:46: 实例启动！
[Info]13:29:52 app.go:47: 

#    ____                          _  __         _   _          _                       
#   / ___|   ___   _ __     __ _  | |/ /   ___  | | | |   ___  | |  _ __     ___   _ __ 
#  | |      / _ \ | '_ \   / _` | | ' /   / _ \ | |_| |  / _ \ | | | '_ \   / _ \ | '__|
#  | |___  |  __/ | | | | | (_| | | . \  |  __/ |  _  | |  __/ | | | |_) | |  __/ | |   
#   \____|  \___| |_| |_|  \__, | |_|\_\  \___| |_| |_|  \___| |_| | .__/   \___| |_|   
#                          |___/                                   |_|                  
[Error]13:47:21 teach_info.go:167: &{专业课 早期接触临床 [{张飚 主任医师}] 口腔医学院 [--] [--] 医学部 --}--
[Debug]13:47:21 app.go:46: 实例启动！
[Info]13:47:21 app.go:47: 

#    ____                          _  __         _   _          _                       
#   / ___|   ___   _ __     __ _  | |/ /   ___  | | | |   ___  | |  _ __     ___   _ __ 
#  | |      / _ \ | '_ \   / _` | | ' /   / _ \ | |_| |  / _ \ | | | '_ \   / _ \ | '__|
#  | |___  |  __/ | | | | | (_| | | . \  |  __/ |  _  | |  __/ | | | |_) | |  __/ | |   
#   \____|  \___| |_| |_|  \__, | |_|\_\  \___| |_| |_|  \___| |_| | .__/   \___| |_|   
#                          |___/                                   |_|                  
[Error]13:53:03 teach_info.go:167: &{专业课 早期接触临床 [{张飚 主任医师}] 口腔医学院 [--] [--] 医学部 --}--
[Debug]13:53:03 app.go:46: 实例启动！
[Info]13:53:03 app.go:47: 

#    ____                          _  __         _   _          _                       
#   / ___|   ___   _ __     __ _  | |/ /   ___  | | | |   ___  | |  _ __     ___   _ __ 
#  | |      / _ \ | '_ \   / _` | | ' /   / _ \ | |_| |  / _ \ | | | '_ \   / _ \ | '__|
#  | |___  |  __/ | | | | | (_| | | . \  |  __/ |  _  | |  __/ | | | |_) | |  __/ | |   
#   \____|  \___| |_| |_|  \__, | |_|\_\  \___| |_| |_|  \___| |_| | .__/   \___| |_|   
#                          |___/                                   |_|                  
[Error]14:00:48 teach_info.go:167: &{专业课 早期接触临床 [{张飚 主任医师}] 口腔医学院 [--] [--] 医学部 --}--
[Debug]14:00:48 app.go:46: 实例启动！
[Info]14:00:48 app.go:47: 

#    ____                          _  __         _   _          _                       
#   / ___|   ___   _ __     __ _  | |/ /   ___  | | | |   ___  | |  _ __     ___   _ __ 
#  | |      / _ \ | '_ \   / _` | | ' /   / _ \ | |_| |  / _ \ | | | '_ \   / _ \ | '__|
#  | |___  |  __/ | | | | | (_| | | . \  |  __/ |  _  | |  __/ | | | |_) | |  __/ | |   
#   \____|  \___| |_| |_|  \__, | |_|\_\  \___| |_| |_|  \___| |_| | .__/   \___| |_|   
#                          |___/                                   |_|                  
[Error]14:14:52 teach_info.go:167: &{专业课 早期接触临床 [{张飚 主任医师}] 口腔医学院 [--] [--] 医学部 --}--
[Debug]14:14:52 app.go:46: 实例启动！
[Info]14:14:52 app.go:47: 

#    ____                          _  __         _   _          _                       
#   / ___|   ___   _ __     __ _  | |/ /   ___  | | | |   ___  | |  _ __     ___   _ __ 
#  | |      / _ \ | '_ \   / _` | | ' /   / _ \ | |_| |  / _ \ | | | '_ \   / _ \ | '__|
#  | |___  |  __/ | | | | | (_| | | . \  |  __/ |  _  | |  __/ | | | |_) | |  __/ | |   
#   \____|  \___| |_| |_|  \__, | |_|\_\  \___| |_| |_|  \___| |_| | .__/   \___| |_|   
#                          |___/                                   |_|                  
[Error]14:21:23 teach_info.go:167: &{专业课 早期接触临床 [{张飚 主任医师}] 口腔医学院 [--] [--] 医学部 --}--
[Debug]14:21:23 app.go:46: 实例启动！
[Info]14:21:23 app.go:47: 

#    ____                          _  __         _   _          _                       
#   / ___|   ___   _ __     __ _  | |/ /   ___  | | | |   ___  | |  _ __     ___   _ __ 
#  | |      / _ \ | '_ \   / _` | | ' /   / _ \ | |_| |  / _ \ | | | '_ \   / _ \ | '__|
#  | |___  |  __/ | | | | | (_| | | . \  |  __/ |  _  | |  __/ | | | |_) | |  __/ | |   
#   \____|  \___| |_| |_|  \__, | |_|\_\  \___| |_| |_|  \___| |_| | .__/   \___| |_|   
#                          |___/                                   |_|                  
[Error]14:25:47 teach_info.go:167: &{专业课 早期接触临床 [{张飚 主任医师}] 口腔医学院 [--] [--] 医学部 --}--
[Debug]14:25:47 app.go:46: 实例启动！
[Info]14:25:47 app.go:47: 

#    ____                          _  __         _   _          _                       
#   / ___|   ___   _ __     __ _  | |/ /   ___  | | | |   ___  | |  _ __     ___   _ __ 
#  | |      / _ \ | '_ \   / _` | | ' /   / _ \ | |_| |  / _ \ | | | '_ \   / _ \ | '__|
#  | |___  |  __/ | | | | | (_| | | . \  |  __/ |  _  | |  __/ | | | |_) | |  __/ | |   
#   \____|  \___| |_| |_|  \__, | |_|\_\  \___| |_| |_|  \___| |_| | .__/   \___| |_|   
#                          |___/                                   |_|                  
[Error]14:38:19 teach_info.go:167: &{专业课 早期接触临床 [{张飚 主任医师}] 口腔医学院 [--] [--] 医学部 --}--
[Debug]14:38:19 app.go:46: 实例启动！
[Info]14:38:19 app.go:47: 

#    ____                          _  __         _   _          _                       
#   / ___|   ___   _ __     __ _  | |/ /   ___  | | | |   ___  | |  _ __     ___   _ __ 
#  | |      / _ \ | '_ \   / _` | | ' /   / _ \ | |_| |  / _ \ | | | '_ \   / _ \ | '__|
#  | |___  |  __/ | | | | | (_| | | . \  |  __/ |  _  | |  __/ | | | |_) | |  __/ | |   
#   \____|  \___| |_| |_|  \__, | |_|\_\  \___| |_| |_|  \___| |_| | .__/   \___| |_|   
#                          |___/                                   |_|                  
[Error]14:42:23 teach_info.go:167: &{专业课 早期接触临床 [{张飚 主任医师}] 口腔医学院 [--] [--] 医学部 --}--
[Debug]14:42:23 app.go:46: 实例启动！
[Info]14:42:23 app.go:47: 

#    ____                          _  __         _   _          _                       
#   / ___|   ___   _ __     __ _  | |/ /   ___  | | | |   ___  | |  _ __     ___   _ __ 
#  | |      / _ \ | '_ \   / _` | | ' /   / _ \ | |_| |  / _ \ | | | '_ \   / _ \ | '__|
#  | |___  |  __/ | | | | | (_| | | . \  |  __/ |  _  | |  __/ | | | |_) | |  __/ | |   
#   \____|  \___| |_| |_|  \__, | |_|\_\  \___| |_| |_|  \___| |_| | .__/   \___| |_|   
#                          |___/                                   |_|                  
[Error]14:45:46 teach_info.go:167: &{专业课 早期接触临床 [{张飚 主任医师}] 口腔医学院 [--] [--] 医学部 --}--
[Debug]14:45:46 app.go:46: 实例启动！
[Info]14:45:46 app.go:47: 

#    ____                          _  __         _   _          _                       
#   / ___|   ___   _ __     __ _  | |/ /   ___  | | | |   ___  | |  _ __     ___   _ __ 
#  | |      / _ \ | '_ \   / _` | | ' /   / _ \ | |_| |  / _ \ | | | '_ \   / _ \ | '__|
#  | |___  |  __/ | | | | | (_| | | . \  |  __/ |  _  | |  __/ | | | |_) | |  __/ | |   
#   \____|  \___| |_| |_|  \__, | |_|\_\  \___| |_| |_|  \___| |_| | .__/   \___| |_|   
#                          |___/                                   |_|                  
[Error]14:52:10 teach_info.go:167: &{专业课 早期接触临床 [{张飚 主任医师}] 口腔医学院 [--] [--] 医学部 --}--
[Debug]14:52:10 app.go:46: 实例启动！
[Info]14:52:10 app.go:47: 

#    ____                          _  __         _   _          _                       
#   / ___|   ___   _ __     __ _  | |/ /   ___  | | | |   ___  | |  _ __     ___   _ __ 
#  | |      / _ \ | '_ \   / _` | | ' /   / _ \ | |_| |  / _ \ | | | '_ \   / _ \ | '__|
#  | |___  |  __/ | | | | | (_| | | . \  |  __/ |  _  | |  __/ | | | |_) | |  __/ | |   
#   \____|  \___| |_| |_|  \__, | |_|\_\  \___| |_| |_|  \___| |_| | .__/   \___| |_|   
#                          |___/                                   |_|                  
[Error]14:54:03 teach_info.go:167: &{专业课 早期接触临床 [{张飚 主任医师}] 口腔医学院 [--] [--] 医学部 --}--
[Debug]14:54:03 app.go:46: 实例启动！
[Info]14:54:03 app.go:47: 

#    ____                          _  __         _   _          _                       
#   / ___|   ___   _ __     __ _  | |/ /   ___  | | | |   ___  | |  _ __     ___   _ __ 
#  | |      / _ \ | '_ \   / _` | | ' /   / _ \ | |_| |  / _ \ | | | '_ \   / _ \ | '__|
#  | |___  |  __/ | | | | | (_| | | . \  |  __/ |  _  | |  __/ | | | |_) | |  __/ | |   
#   \____|  \___| |_| |_|  \__, | |_|\_\  \___| |_| |_|  \___| |_| | .__/   \___| |_|   
#                          |___/                                   |_|                  
[Error]14:56:53 teach_info.go:167: &{专业课 早期接触临床 [{张飚 主任医师}] 口腔医学院 [--] [--] 医学部 --}--
[Debug]14:56:53 app.go:46: 实例启动！
[Info]14:56:53 app.go:47: 

#    ____                          _  __         _   _          _                       
#   / ___|   ___   _ __     __ _  | |/ /   ___  | | | |   ___  | |  _ __     ___   _ __ 
#  | |      / _ \ | '_ \   / _` | | ' /   / _ \ | |_| |  / _ \ | | | '_ \   / _ \ | '__|
#  | |___  |  __/ | | | | | (_| | | . \  |  __/ |  _  | |  __/ | | | |_) | |  __/ | |   
#   \____|  \___| |_| |_|  \__, | |_|\_\  \___| |_| |_|  \___| |_| | .__/   \___| |_|   
#                          |___/                                   |_|                  
[Error]15:00:54 teach_info.go:167: &{专业课 早期接触临床 [{张飚 主任医师}] 口腔医学院 [--] [--] 医学部 --}--
[Debug]15:00:54 app.go:46: 实例启动！
[Info]15:00:54 app.go:47: 

#    ____                          _  __         _   _          _                       
#   / ___|   ___   _ __     __ _  | |/ /   ___  | | | |   ___  | |  _ __     ___   _ __ 
#  | |      / _ \ | '_ \   / _` | | ' /   / _ \ | |_| |  / _ \ | | | '_ \   / _ \ | '__|
#  | |___  |  __/ | | | | | (_| | | . \  |  __/ |  _  | |  __/ | | | |_) | |  __/ | |   
#   \____|  \___| |_| |_|  \__, | |_|\_\  \___| |_| |_|  \___| |_| | .__/   \___| |_|   
#                          |___/                                   |_|                  
[Error]21:50:39 teach_info.go:167: &{专业课 早期接触临床 [{张飚 主任医师}] 口腔医学院 [--] [--] 医学部 --}--
[Debug]21:50:39 app.go:46: 实例启动！
[Info]21:50:39 app.go:47: 

#    ____                          _  __         _   _          _                       
#   / ___|   ___   _ __     __ _  | |/ /   ___  | | | |   ___  | |  _ __     ___   _ __ 
#  | |      / _ \ | '_ \   / _` | | ' /   / _ \ | |_| |  / _ \ | | | '_ \   / _ \ | '__|
#  | |___  |  __/ | | | | | (_| | | . \  |  __/ |  _  | |  __/ | | | |_) | |  __/ | |   
#   \____|  \___| |_| |_|  \__, | |_|\_\  \___| |_| |_|  \___| |_| | .__/   \___| |_|   
#                          |___/                                   |_|                  
