[Error]11:43:03 teach_info.go:136: &{英语课 乒乓球1 [{陈畅 无}] 体育部 [计算机大楼负一楼乒乓球场] [星期六第3-5节{1周}] 文理学部 1区}
[Error]11:43:03 teach_info.go:167: &{专业课 早期接触临床 [{张飚 主任医师}] 口腔医学院 [--] [--] 医学部 --}--
[Debug]11:43:03 app.go:45: 实例启动！
[Info]11:43:03 app.go:46: 

#    ____                          _  __         _   _          _                       
#   / ___|   ___   _ __     __ _  | |/ /   ___  | | | |   ___  | |  _ __     ___   _ __ 
#  | |      / _ \ | '_ \   / _` | | ' /   / _ \ | |_| |  / _ \ | | | '_ \   / _ \ | '__|
#  | |___  |  __/ | | | | | (_| | | . \  |  __/ |  _  | |  __/ | | | |_) | |  __/ | |   
#   \____|  \___| |_| |_|  \__, | |_|\_\  \___| |_| |_|  \___| |_| | .__/   \___| |_|   
#                          |___/                                   |_|                  
[Error]11:44:46 teach_info.go:136: &{英语课 乒乓球1 [{陈畅 无}] 体育部 [计算机大楼负一楼乒乓球场] [星期六第3-5节{1周}] 文理学部 1区}
[Error]11:44:46 teach_info.go:167: &{专业课 早期接触临床 [{张飚 主任医师}] 口腔医学院 [--] [--] 医学部 --}--
[Debug]11:44:46 app.go:46: 实例启动！
[Info]11:44:46 app.go:47: 

#    ____                          _  __         _   _          _                       
#   / ___|   ___   _ __     __ _  | |/ /   ___  | | | |   ___  | |  _ __     ___   _ __ 
#  | |      / _ \ | '_ \   / _` | | ' /   / _ \ | |_| |  / _ \ | | | '_ \   / _ \ | '__|
#  | |___  |  __/ | | | | | (_| | | . \  |  __/ |  _  | |  __/ | | | |_) | |  __/ | |   
#   \____|  \___| |_| |_|  \__, | |_|\_\  \___| |_| |_|  \___| |_| | .__/   \___| |_|   
#                          |___/                                   |_|                  
[Error]11:45:53 teach_info.go:136: &{英语课 乒乓球1 [{陈畅 无}] 体育部 [计算机大楼负一楼乒乓球场] [星期六第3-5节{1周}] 文理学部 1区}
[Error]11:45:53 teach_info.go:167: &{专业课 早期接触临床 [{张飚 主任医师}] 口腔医学院 [--] [--] 医学部 --}--
[Debug]11:45:53 app.go:45: 实例启动！
[Info]11:45:53 app.go:46: 

#    ____                          _  __         _   _          _                       
#   / ___|   ___   _ __     __ _  | |/ /   ___  | | | |   ___  | |  _ __     ___   _ __ 
#  | |      / _ \ | '_ \   / _` | | ' /   / _ \ | |_| |  / _ \ | | | '_ \   / _ \ | '__|
#  | |___  |  __/ | | | | | (_| | | . \  |  __/ |  _  | |  __/ | | | |_) | |  __/ | |   
#   \____|  \___| |_| |_|  \__, | |_|\_\  \___| |_| |_|  \___| |_| | .__/   \___| |_|   
#                          |___/                                   |_|                  
