[Error]10:04:37 teach_info.go:167: &{专业课 早期接触临床 [{张飚 主任医师}] 口腔医学院 [--] [--] 医学部 --}--
[Debug]10:04:37 app.go:46: 实例启动！
[Info]10:04:37 app.go:47: 

#    ____                          _  __         _   _          _                       
#   / ___|   ___   _ __     __ _  | |/ /   ___  | | | |   ___  | |  _ __     ___   _ __ 
#  | |      / _ \ | '_ \   / _` | | ' /   / _ \ | |_| |  / _ \ | | | '_ \   / _ \ | '__|
#  | |___  |  __/ | | | | | (_| | | . \  |  __/ |  _  | |  __/ | | | |_) | |  __/ | |   
#   \____|  \___| |_| |_|  \__, | |_|\_\  \___| |_| |_|  \___| |_| | .__/   \___| |_|   
#                          |___/                                   |_|                  
[Error]16:30:24 teach_info.go:167: &{专业课 早期接触临床 [{张飚 主任医师}] 口腔医学院 [--] [--] 医学部 --}--
[Debug]16:30:24 app.go:46: 实例启动！
[Info]16:30:24 app.go:47: 

#    ____                          _  __         _   _          _                       
#   / ___|   ___   _ __     __ _  | |/ /   ___  | | | |   ___  | |  _ __     ___   _ __ 
#  | |      / _ \ | '_ \   / _` | | ' /   / _ \ | |_| |  / _ \ | | | '_ \   / _ \ | '__|
#  | |___  |  __/ | | | | | (_| | | . \  |  __/ |  _  | |  __/ | | | |_) | |  __/ | |   
#   \____|  \___| |_| |_|  \__, | |_|\_\  \___| |_| |_|  \___| |_| | .__/   \___| |_|   
#                          |___/                                   |_|                  
[Error]16:46:53 teach_info.go:167: &{专业课 早期接触临床 [{张飚 主任医师}] 口腔医学院 [--] [--] 医学部 --}--
[Debug]16:46:53 app.go:46: 实例启动！
[Info]16:46:53 app.go:47: 

#    ____                          _  __         _   _          _                       
#   / ___|   ___   _ __     __ _  | |/ /   ___  | | | |   ___  | |  _ __     ___   _ __ 
#  | |      / _ \ | '_ \   / _` | | ' /   / _ \ | |_| |  / _ \ | | | '_ \   / _ \ | '__|
#  | |___  |  __/ | | | | | (_| | | . \  |  __/ |  _  | |  __/ | | | |_) | |  __/ | |   
#   \____|  \___| |_| |_|  \__, | |_|\_\  \___| |_| |_|  \___| |_| | .__/   \___| |_|   
#                          |___/                                   |_|                  
[Error]18:41:39 teach_info.go:167: &{专业课 早期接触临床 [{张飚 主任医师}] 口腔医学院 [--] [--] 医学部 --}--
[Debug]18:41:39 app.go:46: 实例启动！
[Info]18:41:39 app.go:47: 

#    ____                          _  __         _   _          _                       
#   / ___|   ___   _ __     __ _  | |/ /   ___  | | | |   ___  | |  _ __     ___   _ __ 
#  | |      / _ \ | '_ \   / _` | | ' /   / _ \ | |_| |  / _ \ | | | '_ \   / _ \ | '__|
#  | |___  |  __/ | | | | | (_| | | . \  |  __/ |  _  | |  __/ | | | |_) | |  __/ | |   
#   \____|  \___| |_| |_|  \__, | |_|\_\  \___| |_| |_|  \___| |_| | .__/   \___| |_|   
#                          |___/                                   |_|                  
[Error]18:50:11 teach_info.go:167: &{专业课 早期接触临床 [{张飚 主任医师}] 口腔医学院 [--] [--] 医学部 --}--
[Debug]18:50:11 app.go:46: 实例启动！
[Info]18:50:11 app.go:47: 

#    ____                          _  __         _   _          _                       
#   / ___|   ___   _ __     __ _  | |/ /   ___  | | | |   ___  | |  _ __     ___   _ __ 
#  | |      / _ \ | '_ \   / _` | | ' /   / _ \ | |_| |  / _ \ | | | '_ \   / _ \ | '__|
#  | |___  |  __/ | | | | | (_| | | . \  |  __/ |  _  | |  __/ | | | |_) | |  __/ | |   
#   \____|  \___| |_| |_|  \__, | |_|\_\  \___| |_| |_|  \___| |_| | .__/   \___| |_|   
#                          |___/                                   |_|                  
[Error]18:52:53 teach_info.go:167: &{专业课 早期接触临床 [{张飚 主任医师}] 口腔医学院 [--] [--] 医学部 --}--
[Debug]18:52:53 app.go:46: 实例启动！
[Info]18:52:53 app.go:47: 

#    ____                          _  __         _   _          _                       
#   / ___|   ___   _ __     __ _  | |/ /   ___  | | | |   ___  | |  _ __     ___   _ __ 
#  | |      / _ \ | '_ \   / _` | | ' /   / _ \ | |_| |  / _ \ | | | '_ \   / _ \ | '__|
#  | |___  |  __/ | | | | | (_| | | . \  |  __/ |  _  | |  __/ | | | |_) | |  __/ | |   
#   \____|  \___| |_| |_|  \__, | |_|\_\  \___| |_| |_|  \___| |_| | .__/   \___| |_|   
#                          |___/                                   |_|                  
