[Warning]00:03:57 app.go:140: 尝试更改时间！
[Warning]00:03:57 app.go:147: 非法参数！
[Warning]00:05:31 app.go:140: 尝试更改时间！
[Error]00:11:32 teach_info.go:167: &{专业课 早期接触临床 [{张飚 主任医师}] 口腔医学院 [--] [--] 医学部 --}--
[Debug]00:11:32 app.go:46: 实例启动！
[Info]00:11:32 app.go:47: 

#    ____                          _  __         _   _          _                       
#   / ___|   ___   _ __     __ _  | |/ /   ___  | | | |   ___  | |  _ __     ___   _ __ 
#  | |      / _ \ | '_ \   / _` | | ' /   / _ \ | |_| |  / _ \ | | | '_ \   / _ \ | '__|
#  | |___  |  __/ | | | | | (_| | | . \  |  __/ |  _  | |  __/ | | | |_) | |  __/ | |   
#   \____|  \___| |_| |_|  \__, | |_|\_\  \___| |_| |_|  \___| |_| | .__/   \___| |_|   
#                          |___/                                   |_|                  
[Error]18:38:36 teach_info.go:167: &{专业课 早期接触临床 [{张飚 主任医师}] 口腔医学院 [--] [--] 医学部 --}--
[Debug]18:38:36 app.go:46: 实例启动！
[Info]18:38:36 app.go:47: 

#    ____                          _  __         _   _          _                       
#   / ___|   ___   _ __     __ _  | |/ /   ___  | | | |   ___  | |  _ __     ___   _ __ 
#  | |      / _ \ | '_ \   / _` | | ' /   / _ \ | |_| |  / _ \ | | | '_ \   / _ \ | '__|
#  | |___  |  __/ | | | | | (_| | | . \  |  __/ |  _  | |  __/ | | | |_) | |  __/ | |   
#   \____|  \___| |_| |_|  \__, | |_|\_\  \___| |_| |_|  \___| |_| | .__/   \___| |_|   
#                          |___/                                   |_|                  
