[Error]09:42:58 teach_info.go:136: &{英语课 橄榄球1 [{郑策 副教授}] 体育部 [工学部排球场] [星期日第2-4节{1-2周}] 文理学部 2区}
[Error]09:42:58 teach_info.go:167: &{专业课 早期接触临床 [{张飚 主任医师}] 口腔医学院 [--] [--] 医学部 --}--
[Debug]09:42:58 app.go:46: 实例启动！
[Info]09:42:58 app.go:47: 

#    ____                          _  __         _   _          _                       
#   / ___|   ___   _ __     __ _  | |/ /   ___  | | | |   ___  | |  _ __     ___   _ __ 
#  | |      / _ \ | '_ \   / _` | | ' /   / _ \ | |_| |  / _ \ | | | '_ \   / _ \ | '__|
#  | |___  |  __/ | | | | | (_| | | . \  |  __/ |  _  | |  __/ | | | |_) | |  __/ | |   
#   \____|  \___| |_| |_|  \__, | |_|\_\  \___| |_| |_|  \___| |_| | .__/   \___| |_|   
#                          |___/                                   |_|                  
[Error]09:58:47 teach_info.go:136: &{英语课 橄榄球1 [{郑策 副教授}] 体育部 [工学部排球场] [星期日第2-4节{1-2周}] 文理学部 2区}
[Error]09:58:47 teach_info.go:167: &{专业课 早期接触临床 [{张飚 主任医师}] 口腔医学院 [--] [--] 医学部 --}--
[Debug]09:58:47 app.go:46: 实例启动！
[Info]09:58:47 app.go:47: 

#    ____                          _  __         _   _          _                       
#   / ___|   ___   _ __     __ _  | |/ /   ___  | | | |   ___  | |  _ __     ___   _ __ 
#  | |      / _ \ | '_ \   / _` | | ' /   / _ \ | |_| |  / _ \ | | | '_ \   / _ \ | '__|
#  | |___  |  __/ | | | | | (_| | | . \  |  __/ |  _  | |  __/ | | | |_) | |  __/ | |   
#   \____|  \___| |_| |_|  \__, | |_|\_\  \___| |_| |_|  \___| |_| | .__/   \___| |_|   
#                          |___/                                   |_|                  
[Error]10:15:24 teach_info.go:136: &{英语课 橄榄球1 [{郑策 副教授}] 体育部 [工学部排球场] [星期日第2-4节{1-2周}] 文理学部 2区}
[Error]10:15:24 teach_info.go:167: &{专业课 早期接触临床 [{张飚 主任医师}] 口腔医学院 [--] [--] 医学部 --}--
[Debug]10:15:24 app.go:46: 实例启动！
[Info]10:15:24 app.go:47: 

#    ____                          _  __         _   _          _                       
#   / ___|   ___   _ __     __ _  | |/ /   ___  | | | |   ___  | |  _ __     ___   _ __ 
#  | |      / _ \ | '_ \   / _` | | ' /   / _ \ | |_| |  / _ \ | | | '_ \   / _ \ | '__|
#  | |___  |  __/ | | | | | (_| | | . \  |  __/ |  _  | |  __/ | | | |_) | |  __/ | |   
#   \____|  \___| |_| |_|  \__, | |_|\_\  \___| |_| |_|  \___| |_| | .__/   \___| |_|   
#                          |___/                                   |_|                  
[Error]10:16:50 teach_info.go:136: &{英语课 橄榄球1 [{郑策 副教授}] 体育部 [工学部排球场] [星期日第2-4节{1-2周}] 文理学部 2区}
[Error]10:16:50 teach_info.go:167: &{专业课 早期接触临床 [{张飚 主任医师}] 口腔医学院 [--] [--] 医学部 --}--
[Debug]10:16:50 app.go:46: 实例启动！
[Info]10:16:50 app.go:47: 

#    ____                          _  __         _   _          _                       
#   / ___|   ___   _ __     __ _  | |/ /   ___  | | | |   ___  | |  _ __     ___   _ __ 
#  | |      / _ \ | '_ \   / _` | | ' /   / _ \ | |_| |  / _ \ | | | '_ \   / _ \ | '__|
#  | |___  |  __/ | | | | | (_| | | . \  |  __/ |  _  | |  __/ | | | |_) | |  __/ | |   
#   \____|  \___| |_| |_|  \__, | |_|\_\  \___| |_| |_|  \___| |_| | .__/   \___| |_|   
#                          |___/                                   |_|                  
